<?xml version="1.0" encoding="UTF-8"?>
<!-- Generated by org.testng.reporters.JUnitReportReporter -->
<testsuite hostname="Vinayak-Kaladhar" failures="0" tests="1" name="CalculatorApp" time="3.070" errors="0" timestamp="2021-10-18T17:08:45 IST" skipped="0">
  <testcase classname="CalculatorApp" name="verifyAddFunctionality" time="3.070"/>
  <system-out>
Numbers have been added successfully  </system-out>
</testsuite> <!-- CalculatorApp -->
