<?xml version="1.0" encoding="UTF-8"?>
<!-- Generated by org.testng.reporters.JUnitReportReporter -->
<testsuite skipped="0" hostname="CBIT01458.local" name="KhathaBook" tests="1" failures="0" timestamp="2020-11-22T00:02:31 IST" time="13.839" errors="0">
  <testcase name="createExistingCustomer" time="13.839" classname="KhathaBook"/>
  <system-out/>
</testsuite> <!-- KhathaBook -->
